;  LST file generated by mikroListExporter - v.2.0 
; Date/Time: 21/11/2022 14:34:19
;----------------------------------------------

;Address Opcode 	ASM
0x0000	0x2949      	GOTO       329
_interrupt:
0x0004	0x00FF      	MOVWF      R15
0x0005	0x0E03      	SWAPF      STATUS, 0
0x0006	0x0183      	CLRF       STATUS
0x0007	0x00CA      	MOVWF      ___saveSTATUS
0x0008	0x080A      	MOVF       PCLATH, 0
0x0009	0x00CB      	MOVWF      ___savePCLATH
0x000A	0x018A      	CLRF       PCLATH
0x000B	0x0870      	MOVF       R0, 0
0x000C	0x00A1      	MOVWF      33
0x000D	0x0871      	MOVF       R1, 0
0x000E	0x00A0      	MOVWF      32
;CodeProjet.c,220 :: 		void interrupt() {
;CodeProjet.c,221 :: 		if(INTCON.RBIF == 1) {
0x000F	0x1C0B      	BTFSS      INTCON, 0
0x0010	0x281A      	GOTO       L_interrupt29
;CodeProjet.c,222 :: 		if(PORTB.RB6 == 1) {
0x0011	0x1F06      	BTFSS      PORTB, 6
0x0012	0x2815      	GOTO       L_interrupt30
;CodeProjet.c,223 :: 		retour();
0x0013	0x2135      	CALL       _retour
;CodeProjet.c,224 :: 		mode = ~mode;
0x0014	0x09A2      	COMF       _mode, 1
;CodeProjet.c,226 :: 		}
L_interrupt30:
;CodeProjet.c,228 :: 		if(PORTB.RB7 == 1) {
0x0015	0x1F86      	BTFSS      PORTB, 7
0x0016	0x2819      	GOTO       L_interrupt31
;CodeProjet.c,229 :: 		retour();
0x0017	0x2135      	CALL       _retour
;CodeProjet.c,230 :: 		sens = ~sens;
0x0018	0x09C3      	COMF       _sens, 1
;CodeProjet.c,231 :: 		}
L_interrupt31:
;CodeProjet.c,233 :: 		INTCON.RBIF = 0;
0x0019	0x100B      	BCF        INTCON, 0
;CodeProjet.c,234 :: 		}
L_interrupt29:
;CodeProjet.c,236 :: 		if (TMR0IF_bit) {
0x001A	0x1D0B      	BTFSS      TMR0IF_bit, BitPos(TMR0IF_bit+0)
0x001B	0x2822      	GOTO       L_interrupt32
;CodeProjet.c,237 :: 		cnt++;
0x001C	0x0AC8      	INCF       _cnt, 1
0x001D	0x1903      	BTFSC      STATUS, 2
0x001E	0x0AC9      	INCF       _cnt+1, 1
;CodeProjet.c,238 :: 		TMR0IF_bit = 0;
0x001F	0x110B      	BCF        TMR0IF_bit, BitPos(TMR0IF_bit+0)
;CodeProjet.c,239 :: 		TMR0   = 60;
0x0020	0x303C      	MOVLW      60
0x0021	0x0081      	MOVWF      TMR0
;CodeProjet.c,240 :: 		}
L_interrupt32:
;CodeProjet.c,241 :: 		}
L_end_interrupt:
L__interrupt77:
0x0022	0x0821      	MOVF       33, 0
0x0023	0x00F0      	MOVWF      R0
0x0024	0x0820      	MOVF       32, 0
0x0025	0x00F1      	MOVWF      R1
0x0026	0x084B      	MOVF       ___savePCLATH, 0
0x0027	0x008A      	MOVWF      PCLATH
0x0028	0x0E4A      	SWAPF      ___saveSTATUS, 0
0x0029	0x0083      	MOVWF      STATUS
0x002A	0x0EFF      	SWAPF      R15, 1
0x002B	0x0E7F      	SWAPF      R15, 0
0x002C	0x0009      	RETFIE
; end of _interrupt
_Delay_50us:
;__Lib_Delays.c,19 :: 		void Delay_50us() {
;__Lib_Delays.c,20 :: 		Delay_us(50);
0x002D	0x3021      	MOVLW      33
0x002E	0x1283      	BCF        STATUS, 5
0x002F	0x1303      	BCF        STATUS, 6
0x0030	0x00FD      	MOVWF      R13
L_Delay_50us2:
0x0031	0x0BFD      	DECFSZ     R13, 1
0x0032	0x2831      	GOTO       L_Delay_50us2
;__Lib_Delays.c,21 :: 		}
L_end_Delay_50us:
0x0033	0x0008      	RETURN
; end of _Delay_50us
_Delay_1us:
;__Lib_Delays.c,7 :: 		void Delay_1us() {
;__Lib_Delays.c,8 :: 		Delay_us(1);
0x0034	0x0000      	NOP
0x0035	0x0000      	NOP
;__Lib_Delays.c,9 :: 		}
L_end_Delay_1us:
0x0036	0x0008      	RETURN
; end of _Delay_1us
_Delay_5500us:
;__Lib_Delays.c,31 :: 		void Delay_5500us() {
;__Lib_Delays.c,32 :: 		Delay_us(5500);
0x0037	0x300F      	MOVLW      15
0x0038	0x1283      	BCF        STATUS, 5
0x0039	0x1303      	BCF        STATUS, 6
0x003A	0x00FC      	MOVWF      R12
0x003B	0x3047      	MOVLW      71
0x003C	0x00FD      	MOVWF      R13
L_Delay_5500us5:
0x003D	0x0BFD      	DECFSZ     R13, 1
0x003E	0x283D      	GOTO       L_Delay_5500us5
0x003F	0x0BFC      	DECFSZ     R12, 1
0x0040	0x283D      	GOTO       L_Delay_5500us5
0x0041	0x0000      	NOP
0x0042	0x0000      	NOP
;__Lib_Delays.c,33 :: 		}
L_end_Delay_5500us:
0x0043	0x0008      	RETURN
; end of _Delay_5500us
_Lcd_Cmd:
;__Lib_Lcd.c,18 :: 		
;__Lib_Lcd.c,20 :: 		
0x0044	0x1283      	BCF        STATUS, 5
0x0045	0x1303      	BCF        STATUS, 6
0x0046	0x1BD4      	BTFSC      FARG_Lcd_Cmd_out_char, 7
0x0047	0x284A      	GOTO       L__Lcd_Cmd21
0x0048	0x1186      	BCF        LCD_D7, BitPos(LCD_D7+0)
0x0049	0x284B      	GOTO       L__Lcd_Cmd22
L__Lcd_Cmd21:
0x004A	0x1586      	BSF        LCD_D7, BitPos(LCD_D7+0)
L__Lcd_Cmd22:
;__Lib_Lcd.c,21 :: 		
0x004B	0x1B54      	BTFSC      FARG_Lcd_Cmd_out_char, 6
0x004C	0x284F      	GOTO       L__Lcd_Cmd23
0x004D	0x1106      	BCF        LCD_D6, BitPos(LCD_D6+0)
0x004E	0x2850      	GOTO       L__Lcd_Cmd24
L__Lcd_Cmd23:
0x004F	0x1506      	BSF        LCD_D6, BitPos(LCD_D6+0)
L__Lcd_Cmd24:
;__Lib_Lcd.c,22 :: 		
0x0050	0x1AD4      	BTFSC      FARG_Lcd_Cmd_out_char, 5
0x0051	0x2854      	GOTO       L__Lcd_Cmd25
0x0052	0x1086      	BCF        LCD_D5, BitPos(LCD_D5+0)
0x0053	0x2855      	GOTO       L__Lcd_Cmd26
L__Lcd_Cmd25:
0x0054	0x1486      	BSF        LCD_D5, BitPos(LCD_D5+0)
L__Lcd_Cmd26:
;__Lib_Lcd.c,23 :: 		
0x0055	0x1A54      	BTFSC      FARG_Lcd_Cmd_out_char, 4
0x0056	0x2859      	GOTO       L__Lcd_Cmd27
0x0057	0x1006      	BCF        LCD_D4, BitPos(LCD_D4+0)
0x0058	0x285A      	GOTO       L__Lcd_Cmd28
L__Lcd_Cmd27:
0x0059	0x1406      	BSF        LCD_D4, BitPos(LCD_D4+0)
L__Lcd_Cmd28:
;__Lib_Lcd.c,25 :: 		
0x005A	0x184C      	BTFSC      __Lib_Lcd_cmd_status, BitPos(__Lib_Lcd_cmd_status+0)
0x005B	0x285E      	GOTO       L__Lcd_Cmd29
0x005C	0x1606      	BSF        LCD_RS, BitPos(LCD_RS+0)
0x005D	0x285F      	GOTO       L__Lcd_Cmd30
L__Lcd_Cmd29:
0x005E	0x1206      	BCF        LCD_RS, BitPos(LCD_RS+0)
L__Lcd_Cmd30:
;__Lib_Lcd.c,28 :: 		
0x005F	0x1686      	BSF        LCD_EN, BitPos(LCD_EN+0)
;__Lib_Lcd.c,29 :: 		
0x0060	0x2034      	CALL       _Delay_1us
;__Lib_Lcd.c,30 :: 		
0x0061	0x1286      	BCF        LCD_EN, BitPos(LCD_EN+0)
;__Lib_Lcd.c,33 :: 		
0x0062	0x19D4      	BTFSC      FARG_Lcd_Cmd_out_char, 3
0x0063	0x2866      	GOTO       L__Lcd_Cmd31
0x0064	0x1186      	BCF        LCD_D7, BitPos(LCD_D7+0)
0x0065	0x2867      	GOTO       L__Lcd_Cmd32
L__Lcd_Cmd31:
0x0066	0x1586      	BSF        LCD_D7, BitPos(LCD_D7+0)
L__Lcd_Cmd32:
;__Lib_Lcd.c,34 :: 		
0x0067	0x1954      	BTFSC      FARG_Lcd_Cmd_out_char, 2
0x0068	0x286B      	GOTO       L__Lcd_Cmd33
0x0069	0x1106      	BCF        LCD_D6, BitPos(LCD_D6+0)
0x006A	0x286C      	GOTO       L__Lcd_Cmd34
L__Lcd_Cmd33:
0x006B	0x1506      	BSF        LCD_D6, BitPos(LCD_D6+0)
L__Lcd_Cmd34:
;__Lib_Lcd.c,35 :: 		
0x006C	0x18D4      	BTFSC      FARG_Lcd_Cmd_out_char, 1
0x006D	0x2870      	GOTO       L__Lcd_Cmd35
0x006E	0x1086      	BCF        LCD_D5, BitPos(LCD_D5+0)
0x006F	0x2871      	GOTO       L__Lcd_Cmd36
L__Lcd_Cmd35:
0x0070	0x1486      	BSF        LCD_D5, BitPos(LCD_D5+0)
L__Lcd_Cmd36:
;__Lib_Lcd.c,36 :: 		
0x0071	0x1854      	BTFSC      FARG_Lcd_Cmd_out_char, 0
0x0072	0x2875      	GOTO       L__Lcd_Cmd37
0x0073	0x1006      	BCF        LCD_D4, BitPos(LCD_D4+0)
0x0074	0x2876      	GOTO       L__Lcd_Cmd38
L__Lcd_Cmd37:
0x0075	0x1406      	BSF        LCD_D4, BitPos(LCD_D4+0)
L__Lcd_Cmd38:
;__Lib_Lcd.c,38 :: 		
0x0076	0x184C      	BTFSC      __Lib_Lcd_cmd_status, BitPos(__Lib_Lcd_cmd_status+0)
0x0077	0x287A      	GOTO       L__Lcd_Cmd39
0x0078	0x1606      	BSF        LCD_RS, BitPos(LCD_RS+0)
0x0079	0x287B      	GOTO       L__Lcd_Cmd40
L__Lcd_Cmd39:
0x007A	0x1206      	BCF        LCD_RS, BitPos(LCD_RS+0)
L__Lcd_Cmd40:
;__Lib_Lcd.c,40 :: 		
0x007B	0x1686      	BSF        LCD_EN, BitPos(LCD_EN+0)
;__Lib_Lcd.c,41 :: 		
0x007C	0x2034      	CALL       _Delay_1us
;__Lib_Lcd.c,42 :: 		
0x007D	0x1286      	BCF        LCD_EN, BitPos(LCD_EN+0)
;__Lib_Lcd.c,44 :: 		
0x007E	0x1C4C      	BTFSS      __Lib_Lcd_cmd_status, BitPos(__Lib_Lcd_cmd_status+0)
0x007F	0x2882      	GOTO       L_Lcd_Cmd0
;__Lib_Lcd.c,45 :: 		
0x0080	0x2037      	CALL       _Delay_5500us
0x0081	0x2883      	GOTO       L_Lcd_Cmd1
L_Lcd_Cmd0:
;__Lib_Lcd.c,47 :: 		
0x0082	0x202D      	CALL       _Delay_50us
L_Lcd_Cmd1:
;__Lib_Lcd.c,48 :: 		
L_end_Lcd_Cmd:
0x0083	0x0008      	RETURN
; end of _Lcd_Cmd
_Lcd_Chr_CP:
;__Lib_Lcd.c,50 :: 		
;__Lib_Lcd.c,52 :: 		
0x0084	0x1283      	BCF        STATUS, 5
0x0085	0x1303      	BCF        STATUS, 6
0x0086	0x104C      	BCF        __Lib_Lcd_cmd_status, BitPos(__Lib_Lcd_cmd_status+0)
;__Lib_Lcd.c,53 :: 		
0x0087	0x0853      	MOVF       FARG_Lcd_Chr_CP_out_char, 0
0x0088	0x00D4      	MOVWF      FARG_Lcd_Cmd_out_char
0x0089	0x2044      	CALL       _Lcd_Cmd
;__Lib_Lcd.c,54 :: 		
0x008A	0x144C      	BSF        __Lib_Lcd_cmd_status, BitPos(__Lib_Lcd_cmd_status+0)
;__Lib_Lcd.c,55 :: 		
L_end_Lcd_Chr_CP:
0x008B	0x0008      	RETURN
; end of _Lcd_Chr_CP
_____DoICP:
;__Lib_System.c,6 :: 		
;__Lib_System.c,9 :: 		
0x008C	0x1283      	BCF        STATUS, 5
0x008D	0x1303      	BCF        STATUS, 6
0x008E	0x0847      	MOVF       ___DoICPAddr+1, 0
0x008F	0x008A      	MOVWF      PCLATH
;__Lib_System.c,10 :: 		
0x0090	0x0846      	MOVF       ___DoICPAddr, 0
0x0091	0x0082      	MOVWF      PCL
;__Lib_System.c,12 :: 		
L_end_____DoICP:
0x0092	0x0008      	RETURN
; end of _____DoICP
_ReadADC:
;CodeProjet.c,207 :: 		unsigned ReadADC() {
;CodeProjet.c,210 :: 		Delay_us(4);
0x0093	0x3002      	MOVLW      2
0x0094	0x1283      	BCF        STATUS, 5
0x0095	0x1303      	BCF        STATUS, 6
0x0096	0x00FD      	MOVWF      R13
L_ReadADC26:
0x0097	0x0BFD      	DECFSZ     R13, 1
0x0098	0x2897      	GOTO       L_ReadADC26
0x0099	0x0000      	NOP
;CodeProjet.c,212 :: 		ADCON0.GO = 1;
0x009A	0x149F      	BSF        ADCON0, 1
;CodeProjet.c,213 :: 		while(ADCON0.GO);
L_ReadADC27:
0x009B	0x1C9F      	BTFSS      ADCON0, 1
0x009C	0x289E      	GOTO       L_ReadADC28
0x009D	0x289B      	GOTO       L_ReadADC27
L_ReadADC28:
;CodeProjet.c,215 :: 		result = ADRESH*256 + ADRESL;
0x009E	0x081E      	MOVF       ADRESH, 0
0x009F	0x00F1      	MOVWF      R0+1
0x00A0	0x01F0      	CLRF       R0
0x00A1	0x1683      	BSF        STATUS, 5
0x00A2	0x081E      	MOVF       ADRESL, 0
0x00A3	0x07F0      	ADDWF      R0, 1
0x00A4	0x1803      	BTFSC      STATUS, 0
0x00A5	0x0AF1      	INCF       R0+1, 1
;CodeProjet.c,217 :: 		return result;
;CodeProjet.c,218 :: 		}
L_end_ReadADC:
0x00A6	0x0008      	RETURN
; end of _ReadADC
_Lcd_Out:
;__Lib_Lcd.c,184 :: 		
;__Lib_Lcd.c,187 :: 		
0x00A7	0x28B9      	GOTO       L_Lcd_Out11
;__Lib_Lcd.c,188 :: 		
L_Lcd_Out13:
0x00A8	0x3080      	MOVLW      128
0x00A9	0x1283      	BCF        STATUS, 5
0x00AA	0x1303      	BCF        STATUS, 6
0x00AB	0x00CF      	MOVWF      FARG_Lcd_Out_row
0x00AC	0x28CC      	GOTO       L_Lcd_Out12
;__Lib_Lcd.c,189 :: 		
L_Lcd_Out14:
0x00AD	0x30C0      	MOVLW      192
0x00AE	0x00CF      	MOVWF      FARG_Lcd_Out_row
0x00AF	0x28CC      	GOTO       L_Lcd_Out12
;__Lib_Lcd.c,190 :: 		
L_Lcd_Out15:
0x00B0	0x3094      	MOVLW      148
0x00B1	0x00CF      	MOVWF      FARG_Lcd_Out_row
0x00B2	0x28CC      	GOTO       L_Lcd_Out12
;__Lib_Lcd.c,191 :: 		
L_Lcd_Out16:
0x00B3	0x30D4      	MOVLW      212
0x00B4	0x00CF      	MOVWF      FARG_Lcd_Out_row
0x00B5	0x28CC      	GOTO       L_Lcd_Out12
;__Lib_Lcd.c,192 :: 		
L_Lcd_Out17:
0x00B6	0x3080      	MOVLW      128
0x00B7	0x00CF      	MOVWF      FARG_Lcd_Out_row
;__Lib_Lcd.c,193 :: 		
0x00B8	0x28CC      	GOTO       L_Lcd_Out12
L_Lcd_Out11:
0x00B9	0x1283      	BCF        STATUS, 5
0x00BA	0x1303      	BCF        STATUS, 6
0x00BB	0x084F      	MOVF       FARG_Lcd_Out_row, 0
0x00BC	0x3A01      	XORLW      1
0x00BD	0x1903      	BTFSC      STATUS, 2
0x00BE	0x28A8      	GOTO       L_Lcd_Out13
0x00BF	0x084F      	MOVF       FARG_Lcd_Out_row, 0
0x00C0	0x3A02      	XORLW      2
0x00C1	0x1903      	BTFSC      STATUS, 2
0x00C2	0x28AD      	GOTO       L_Lcd_Out14
0x00C3	0x084F      	MOVF       FARG_Lcd_Out_row, 0
0x00C4	0x3A03      	XORLW      3
0x00C5	0x1903      	BTFSC      STATUS, 2
0x00C6	0x28B0      	GOTO       L_Lcd_Out15
0x00C7	0x084F      	MOVF       FARG_Lcd_Out_row, 0
0x00C8	0x3A04      	XORLW      4
0x00C9	0x1903      	BTFSC      STATUS, 2
0x00CA	0x28B3      	GOTO       L_Lcd_Out16
0x00CB	0x28B6      	GOTO       L_Lcd_Out17
L_Lcd_Out12:
;__Lib_Lcd.c,194 :: 		
0x00CC	0x0350      	DECF       FARG_Lcd_Out_column, 0
0x00CD	0x00F0      	MOVWF      R0
0x00CE	0x084F      	MOVF       FARG_Lcd_Out_row, 0
0x00CF	0x07F0      	ADDWF      R0, 1
0x00D0	0x0870      	MOVF       R0, 0
0x00D1	0x00CF      	MOVWF      FARG_Lcd_Out_row
;__Lib_Lcd.c,196 :: 		
0x00D2	0x0870      	MOVF       R0, 0
0x00D3	0x00D4      	MOVWF      FARG_Lcd_Cmd_out_char
0x00D4	0x2044      	CALL       _Lcd_Cmd
;__Lib_Lcd.c,197 :: 		
0x00D5	0x104C      	BCF        __Lib_Lcd_cmd_status, BitPos(__Lib_Lcd_cmd_status+0)
;__Lib_Lcd.c,198 :: 		
0x00D6	0x01D2      	CLRF       Lcd_Out_i_L0
;__Lib_Lcd.c,199 :: 		
L_Lcd_Out18:
0x00D7	0x0852      	MOVF       Lcd_Out_i_L0, 0
0x00D8	0x0751      	ADDWF      FARG_Lcd_Out_text, 0
0x00D9	0x0084      	MOVWF      FSR
0x00DA	0x0800      	MOVF       INDF, 0
0x00DB	0x1903      	BTFSC      STATUS, 2
0x00DC	0x28E5      	GOTO       L_Lcd_Out19
;__Lib_Lcd.c,200 :: 		
0x00DD	0x0852      	MOVF       Lcd_Out_i_L0, 0
0x00DE	0x0751      	ADDWF      FARG_Lcd_Out_text, 0
0x00DF	0x0084      	MOVWF      FSR
0x00E0	0x0800      	MOVF       INDF, 0
0x00E1	0x00D3      	MOVWF      FARG_Lcd_Chr_CP_out_char
0x00E2	0x2084      	CALL       _Lcd_Chr_CP
0x00E3	0x0AD2      	INCF       Lcd_Out_i_L0, 1
0x00E4	0x28D7      	GOTO       L_Lcd_Out18
L_Lcd_Out19:
;__Lib_Lcd.c,201 :: 		
0x00E5	0x144C      	BSF        __Lib_Lcd_cmd_status, BitPos(__Lib_Lcd_cmd_status+0)
;__Lib_Lcd.c,202 :: 		
L_end_Lcd_Out:
0x00E6	0x0008      	RETURN
; end of _Lcd_Out
_Lcd_Init:
;__Lib_Lcd.c,84 :: 		
;__Lib_Lcd.c,86 :: 		
0x00E7	0x1683      	BSF        STATUS, 5
0x00E8	0x1303      	BCF        STATUS, 6
0x00E9	0x1286      	BCF        LCD_EN_Direction, BitPos(LCD_EN_Direction+0)
;__Lib_Lcd.c,87 :: 		
0x00EA	0x1206      	BCF        LCD_RS_Direction, BitPos(LCD_RS_Direction+0)
;__Lib_Lcd.c,88 :: 		
0x00EB	0x1006      	BCF        LCD_D4_Direction, BitPos(LCD_D4_Direction+0)
;__Lib_Lcd.c,89 :: 		
0x00EC	0x1086      	BCF        LCD_D5_Direction, BitPos(LCD_D5_Direction+0)
;__Lib_Lcd.c,90 :: 		
0x00ED	0x1106      	BCF        LCD_D6_Direction, BitPos(LCD_D6_Direction+0)
;__Lib_Lcd.c,91 :: 		
0x00EE	0x1186      	BCF        LCD_D7_Direction, BitPos(LCD_D7_Direction+0)
;__Lib_Lcd.c,93 :: 		
0x00EF	0x1283      	BCF        STATUS, 5
0x00F0	0x1286      	BCF        LCD_EN, BitPos(LCD_EN+0)
;__Lib_Lcd.c,94 :: 		
0x00F1	0x1206      	BCF        LCD_RS, BitPos(LCD_RS+0)
;__Lib_Lcd.c,95 :: 		
0x00F2	0x1186      	BCF        LCD_D7, BitPos(LCD_D7+0)
;__Lib_Lcd.c,96 :: 		
0x00F3	0x1106      	BCF        LCD_D6, BitPos(LCD_D6+0)
;__Lib_Lcd.c,97 :: 		
0x00F4	0x1086      	BCF        LCD_D5, BitPos(LCD_D5+0)
;__Lib_Lcd.c,98 :: 		
0x00F5	0x1006      	BCF        LCD_D4, BitPos(LCD_D4+0)
;__Lib_Lcd.c,100 :: 		
0x00F6	0x2037      	CALL       _Delay_5500us
;__Lib_Lcd.c,101 :: 		
0x00F7	0x2037      	CALL       _Delay_5500us
;__Lib_Lcd.c,102 :: 		
0x00F8	0x2037      	CALL       _Delay_5500us
;__Lib_Lcd.c,105 :: 		
0x00F9	0x1486      	BSF        LCD_D5, BitPos(LCD_D5+0)
;__Lib_Lcd.c,106 :: 		
0x00FA	0x1406      	BSF        LCD_D4, BitPos(LCD_D4+0)
;__Lib_Lcd.c,107 :: 		
0x00FB	0x1686      	BSF        LCD_EN, BitPos(LCD_EN+0)
;__Lib_Lcd.c,108 :: 		
0x00FC	0x2034      	CALL       _Delay_1us
;__Lib_Lcd.c,109 :: 		
0x00FD	0x1286      	BCF        LCD_EN, BitPos(LCD_EN+0)
;__Lib_Lcd.c,110 :: 		
0x00FE	0x2037      	CALL       _Delay_5500us
;__Lib_Lcd.c,112 :: 		
0x00FF	0x1686      	BSF        LCD_EN, BitPos(LCD_EN+0)
;__Lib_Lcd.c,113 :: 		
0x0100	0x2034      	CALL       _Delay_1us
;__Lib_Lcd.c,114 :: 		
0x0101	0x1286      	BCF        LCD_EN, BitPos(LCD_EN+0)
;__Lib_Lcd.c,115 :: 		
0x0102	0x2037      	CALL       _Delay_5500us
;__Lib_Lcd.c,117 :: 		
0x0103	0x1686      	BSF        LCD_EN, BitPos(LCD_EN+0)
;__Lib_Lcd.c,118 :: 		
0x0104	0x2034      	CALL       _Delay_1us
;__Lib_Lcd.c,119 :: 		
0x0105	0x1286      	BCF        LCD_EN, BitPos(LCD_EN+0)
;__Lib_Lcd.c,120 :: 		
0x0106	0x2037      	CALL       _Delay_5500us
;__Lib_Lcd.c,123 :: 		
0x0107	0x1006      	BCF        LCD_D4, BitPos(LCD_D4+0)
;__Lib_Lcd.c,124 :: 		
0x0108	0x1686      	BSF        LCD_EN, BitPos(LCD_EN+0)
;__Lib_Lcd.c,125 :: 		
0x0109	0x2034      	CALL       _Delay_1us
;__Lib_Lcd.c,126 :: 		
0x010A	0x1286      	BCF        LCD_EN, BitPos(LCD_EN+0)
;__Lib_Lcd.c,127 :: 		
0x010B	0x2037      	CALL       _Delay_5500us
;__Lib_Lcd.c,130 :: 		
0x010C	0x1686      	BSF        LCD_EN, BitPos(LCD_EN+0)
;__Lib_Lcd.c,131 :: 		
0x010D	0x2034      	CALL       _Delay_1us
;__Lib_Lcd.c,132 :: 		
0x010E	0x1286      	BCF        LCD_EN, BitPos(LCD_EN+0)
;__Lib_Lcd.c,134 :: 		
0x010F	0x1086      	BCF        LCD_D5, BitPos(LCD_D5+0)
;__Lib_Lcd.c,135 :: 		
0x0110	0x1586      	BSF        LCD_D7, BitPos(LCD_D7+0)
;__Lib_Lcd.c,136 :: 		
0x0111	0x1686      	BSF        LCD_EN, BitPos(LCD_EN+0)
;__Lib_Lcd.c,137 :: 		
0x0112	0x2034      	CALL       _Delay_1us
;__Lib_Lcd.c,138 :: 		
0x0113	0x1286      	BCF        LCD_EN, BitPos(LCD_EN+0)
;__Lib_Lcd.c,139 :: 		
0x0114	0x2037      	CALL       _Delay_5500us
;__Lib_Lcd.c,142 :: 		
0x0115	0x1186      	BCF        LCD_D7, BitPos(LCD_D7+0)
;__Lib_Lcd.c,143 :: 		
0x0116	0x1406      	BSF        LCD_D4, BitPos(LCD_D4+0)
;__Lib_Lcd.c,144 :: 		
0x0117	0x1686      	BSF        LCD_EN, BitPos(LCD_EN+0)
;__Lib_Lcd.c,145 :: 		
0x0118	0x2034      	CALL       _Delay_1us
;__Lib_Lcd.c,146 :: 		
0x0119	0x1286      	BCF        LCD_EN, BitPos(LCD_EN+0)
;__Lib_Lcd.c,148 :: 		
0x011A	0x1006      	BCF        LCD_D4, BitPos(LCD_D4+0)
;__Lib_Lcd.c,149 :: 		
0x011B	0x1686      	BSF        LCD_EN, BitPos(LCD_EN+0)
;__Lib_Lcd.c,150 :: 		
0x011C	0x2034      	CALL       _Delay_1us
;__Lib_Lcd.c,151 :: 		
0x011D	0x1286      	BCF        LCD_EN, BitPos(LCD_EN+0)
;__Lib_Lcd.c,152 :: 		
0x011E	0x2037      	CALL       _Delay_5500us
;__Lib_Lcd.c,155 :: 		
0x011F	0x1686      	BSF        LCD_EN, BitPos(LCD_EN+0)
;__Lib_Lcd.c,156 :: 		
0x0120	0x2034      	CALL       _Delay_1us
;__Lib_Lcd.c,157 :: 		
0x0121	0x1286      	BCF        LCD_EN, BitPos(LCD_EN+0)
;__Lib_Lcd.c,159 :: 		
0x0122	0x1406      	BSF        LCD_D4, BitPos(LCD_D4+0)
;__Lib_Lcd.c,160 :: 		
0x0123	0x1686      	BSF        LCD_EN, BitPos(LCD_EN+0)
;__Lib_Lcd.c,161 :: 		
0x0124	0x2034      	CALL       _Delay_1us
;__Lib_Lcd.c,162 :: 		
0x0125	0x1286      	BCF        LCD_EN, BitPos(LCD_EN+0)
;__Lib_Lcd.c,163 :: 		
0x0126	0x2037      	CALL       _Delay_5500us
;__Lib_Lcd.c,166 :: 		
0x0127	0x1006      	BCF        LCD_D4, BitPos(LCD_D4+0)
;__Lib_Lcd.c,167 :: 		
0x0128	0x1686      	BSF        LCD_EN, BitPos(LCD_EN+0)
;__Lib_Lcd.c,168 :: 		
0x0129	0x2034      	CALL       _Delay_1us
;__Lib_Lcd.c,169 :: 		
0x012A	0x1286      	BCF        LCD_EN, BitPos(LCD_EN+0)
;__Lib_Lcd.c,171 :: 		
0x012B	0x1586      	BSF        LCD_D7, BitPos(LCD_D7+0)
;__Lib_Lcd.c,172 :: 		
0x012C	0x1506      	BSF        LCD_D6, BitPos(LCD_D6+0)
;__Lib_Lcd.c,173 :: 		
0x012D	0x1486      	BSF        LCD_D5, BitPos(LCD_D5+0)
;__Lib_Lcd.c,174 :: 		
0x012E	0x1406      	BSF        LCD_D4, BitPos(LCD_D4+0)
;__Lib_Lcd.c,175 :: 		
0x012F	0x1686      	BSF        LCD_EN, BitPos(LCD_EN+0)
;__Lib_Lcd.c,176 :: 		
0x0130	0x2034      	CALL       _Delay_1us
;__Lib_Lcd.c,177 :: 		
0x0131	0x1286      	BCF        LCD_EN, BitPos(LCD_EN+0)
;__Lib_Lcd.c,179 :: 		
0x0132	0x2037      	CALL       _Delay_5500us
;__Lib_Lcd.c,181 :: 		
0x0133	0x144C      	BSF        __Lib_Lcd_cmd_status, BitPos(__Lib_Lcd_cmd_status+0)
;__Lib_Lcd.c,182 :: 		
L_end_Lcd_Init:
0x0134	0x0008      	RETURN
; end of _Lcd_Init
_retour:
;CodeProjet.c,28 :: 		unsigned retour(){                 // retour à 0
;CodeProjet.c,29 :: 		PORTA = 0;
0x0135	0x1283      	BCF        STATUS, 5
0x0136	0x1303      	BCF        STATUS, 6
0x0137	0x0185      	CLRF       PORTA
;CodeProjet.c,30 :: 		PORTB = 0;
0x0138	0x0186      	CLRF       PORTB
;CodeProjet.c,31 :: 		PORTC = 0;
0x0139	0x0187      	CLRF       PORTC
;CodeProjet.c,32 :: 		PORTD = 0;
0x013A	0x0188      	CLRF       PORTD
;CodeProjet.c,33 :: 		PORTE = 0;
0x013B	0x0189      	CLRF       PORTE
;CodeProjet.c,34 :: 		}
L_end_retour:
0x013C	0x0008      	RETURN
; end of _retour
___CC2DW:
;__Lib_System.c,134 :: 		
;__Lib_System.c,137 :: 		
_CC2D_Loop1:
;__Lib_System.c,139 :: 		
0x013D	0x208C      	CALL       _____DoICP
0x013E	0x118A      	BCF        PCLATH, 3
0x013F	0x120A      	BCF        PCLATH, 4
;__Lib_System.c,141 :: 		
0x0140	0x0080      	MOVWF      INDF
;__Lib_System.c,142 :: 		
0x0141	0x0A84      	INCF       FSR, 1
;__Lib_System.c,143 :: 		
0x0142	0x0AC6      	INCF       ___DoICPAddr, 1
;__Lib_System.c,145 :: 		
0x0143	0x1903      	BTFSC      STATUS, 2
;__Lib_System.c,146 :: 		
0x0144	0x0AC7      	INCF       ___DoICPAddr+1, 1
;__Lib_System.c,147 :: 		
0x0145	0x03F0      	DECF       R0, 1
;__Lib_System.c,149 :: 		
0x0146	0x1D03      	BTFSS      STATUS, 2
;__Lib_System.c,150 :: 		
0x0147	0x293D      	GOTO       _CC2D_Loop1
;__Lib_System.c,152 :: 		
L_end___CC2DW:
0x0148	0x0008      	RETURN
; end of ___CC2DW
_main:
0x0149	0x1283      	BCF        STATUS, 5
0x014A	0x1303      	BCF        STATUS, 6
0x014B	0x01A2      	CLRF       _mode
0x014C	0x3050      	MOVLW      80
0x014D	0x00A3      	MOVWF      _txt3
0x014E	0x3061      	MOVLW      97
0x014F	0x00A4      	MOVWF      36
0x0150	0x3074      	MOVLW      116
0x0151	0x00A5      	MOVWF      37
0x0152	0x3072      	MOVLW      114
0x0153	0x00A6      	MOVWF      38
0x0154	0x306F      	MOVLW      111
0x0155	0x00A7      	MOVWF      39
0x0156	0x3075      	MOVLW      117
0x0157	0x00A8      	MOVWF      40
0x0158	0x3069      	MOVLW      105
0x0159	0x00A9      	MOVWF      41
0x015A	0x306C      	MOVLW      108
0x015B	0x00AA      	MOVWF      42
0x015C	0x306C      	MOVLW      108
0x015D	0x00AB      	MOVWF      43
0x015E	0x3065      	MOVLW      101
0x015F	0x00AC      	MOVWF      44
0x0160	0x01AD      	CLRF       45
0x0161	0x3052      	MOVLW      82
0x0162	0x00AE      	MOVWF      _txt1
0x0163	0x3061      	MOVLW      97
0x0164	0x00AF      	MOVWF      47
0x0165	0x306C      	MOVLW      108
0x0166	0x00B0      	MOVWF      48
0x0167	0x3065      	MOVLW      101
0x0168	0x00B1      	MOVWF      49
0x0169	0x306E      	MOVLW      110
0x016A	0x00B2      	MOVWF      50
0x016B	0x3074      	MOVLW      116
0x016C	0x00B3      	MOVWF      51
0x016D	0x3069      	MOVLW      105
0x016E	0x00B4      	MOVWF      52
0x016F	0x3072      	MOVLW      114
0x0170	0x00B5      	MOVWF      53
0x0171	0x01B6      	CLRF       54
0x0172	0x3041      	MOVLW      65
0x0173	0x00B7      	MOVWF      _txt2
0x0174	0x3063      	MOVLW      99
0x0175	0x00B8      	MOVWF      56
0x0176	0x3063      	MOVLW      99
0x0177	0x00B9      	MOVWF      57
0x0178	0x3069      	MOVLW      105
0x0179	0x00BA      	MOVWF      58
0x017A	0x3064      	MOVLW      100
0x017B	0x00BB      	MOVWF      59
0x017C	0x3065      	MOVLW      101
0x017D	0x00BC      	MOVWF      60
0x017E	0x306E      	MOVLW      110
0x017F	0x00BD      	MOVWF      61
0x0180	0x3074      	MOVLW      116
0x0181	0x00BE      	MOVWF      62
0x0182	0x01BF      	CLRF       63
0x0183	0x01C0      	CLRF       _display_lamps
0x0184	0x01C1      	CLRF       _ret
0x0185	0x01C2      	CLRF       66
0x0186	0x01C3      	CLRF       _sens
;CodeProjet.c,36 :: 		void main () {
;CodeProjet.c,38 :: 		unsigned res = 0;
0x0187	0x01CD      	CLRF       main_res_L0
0x0188	0x01CE      	CLRF       main_res_L0+1
;CodeProjet.c,41 :: 		OPTION_REG = 0b10000111;         // Mise du timer 256 bits
0x0189	0x3087      	MOVLW      135
0x018A	0x1683      	BSF        STATUS, 5
0x018B	0x0081      	MOVWF      OPTION_REG
;CodeProjet.c,43 :: 		PORTA = 0;                        // State reset of Input-Output Ports
0x018C	0x1283      	BCF        STATUS, 5
0x018D	0x0185      	CLRF       PORTA
;CodeProjet.c,44 :: 		PORTB = 0;
0x018E	0x0186      	CLRF       PORTB
;CodeProjet.c,45 :: 		PORTC = 0;
0x018F	0x0187      	CLRF       PORTC
;CodeProjet.c,46 :: 		PORTD = 0;
0x0190	0x0188      	CLRF       PORTD
;CodeProjet.c,47 :: 		PORTE = 0;
0x0191	0x0189      	CLRF       PORTE
;CodeProjet.c,48 :: 		TRISA.TRISA5 = 0;                 // Configuration in output of RA1, RA2, RA3
0x0192	0x1683      	BSF        STATUS, 5
0x0193	0x1285      	BCF        TRISA, 5
;CodeProjet.c,49 :: 		TRISA.TRISA2 = 0;                 // RB2, RB3, RC1, RC3 and RD0 pins
0x0194	0x1105      	BCF        TRISA, 2
;CodeProjet.c,50 :: 		TRISE.TRISE0 = 0;                 // --> to control lamps L0 to L7
0x0195	0x1009      	BCF        TRISE, 0
;CodeProjet.c,51 :: 		TRISE.TRISE1 = 0;
0x0196	0x1089      	BCF        TRISE, 1
;CodeProjet.c,52 :: 		TRISE.TRISE2 = 0;
0x0197	0x1109      	BCF        TRISE, 2
;CodeProjet.c,53 :: 		TRISE.TRISE3 = 0;
0x0198	0x1189      	BCF        TRISE, 3
;CodeProjet.c,54 :: 		TRISC.TRISC2 = 0;
0x0199	0x1107      	BCF        TRISC, 2
;CodeProjet.c,55 :: 		TRISC.TRISC3 = 0;
0x019A	0x1187      	BCF        TRISC, 3
;CodeProjet.c,56 :: 		TRISC.TRISC4 = 0;
0x019B	0x1207      	BCF        TRISC, 4
;CodeProjet.c,57 :: 		TRISC.TRISC5 = 0;
0x019C	0x1287      	BCF        TRISC, 5
;CodeProjet.c,58 :: 		TRISD.TRISD2 = 0;
0x019D	0x1108      	BCF        TRISD, 2
;CodeProjet.c,59 :: 		TRISD.TRISD3 = 0;
0x019E	0x1188      	BCF        TRISD, 3
;CodeProjet.c,60 :: 		TRISD.TRISD4 = 0;
0x019F	0x1208      	BCF        TRISD, 4
;CodeProjet.c,61 :: 		TRISD.TRISD5 = 0;
0x01A0	0x1288      	BCF        TRISD, 5
;CodeProjet.c,63 :: 		TRISB.TRISB6 = 1;
0x01A1	0x1706      	BSF        TRISB, 6
;CodeProjet.c,64 :: 		TRISB.TRISB7 = 1;
0x01A2	0x1786      	BSF        TRISB, 7
;CodeProjet.c,66 :: 		TRISD.TRISD0 = 1;
0x01A3	0x1408      	BSF        TRISD, 0
;CodeProjet.c,67 :: 		TRISD.TRISD1 = 1;
0x01A4	0x1488      	BSF        TRISD, 1
;CodeProjet.c,68 :: 		TRISC.TRISC0 = 1;
0x01A5	0x1407      	BSF        TRISC, 0
;CodeProjet.c,70 :: 		TRISA.TRISA3 = 1;
0x01A6	0x1585      	BSF        TRISA, 3
;CodeProjet.c,72 :: 		ANSEL  = 0;                       // Input-Output are all digital
0x01A7	0x1703      	BSF        STATUS, 6
0x01A8	0x0188      	CLRF       ANSEL
;CodeProjet.c,73 :: 		ANSEL.ANS3 = 1;
0x01A9	0x1588      	BSF        ANSEL, 3
;CodeProjet.c,74 :: 		ANSELH = 0;
0x01AA	0x0189      	CLRF       ANSELH
;CodeProjet.c,75 :: 		IOCB.IOCB6 = 1;
0x01AB	0x1303      	BCF        STATUS, 6
0x01AC	0x1716      	BSF        IOCB, 6
;CodeProjet.c,76 :: 		IOCB.IOCB7 = 1;
0x01AD	0x1796      	BSF        IOCB, 7
;CodeProjet.c,77 :: 		INTCON = 0b10101000;
0x01AE	0x30A8      	MOVLW      168
0x01AF	0x008B      	MOVWF      INTCON
;CodeProjet.c,79 :: 		ADCON0.ADCS1 = 1;                // ? commenter
0x01B0	0x1283      	BCF        STATUS, 5
0x01B1	0x179F      	BSF        ADCON0, 7
;CodeProjet.c,80 :: 		ADCON0.ADCS0 = 0;
0x01B2	0x131F      	BCF        ADCON0, 6
;CodeProjet.c,82 :: 		ADCON1.VCFG1 = 0;                // ? commenter
0x01B3	0x1683      	BSF        STATUS, 5
0x01B4	0x129F      	BCF        ADCON1, 5
;CodeProjet.c,83 :: 		ADCON1.VCFG0 = 0;
0x01B5	0x121F      	BCF        ADCON1, 4
;CodeProjet.c,85 :: 		ADCON0.CHS3 = 0;                 // Le potentionmètre est branché sur AN3
0x01B6	0x1283      	BCF        STATUS, 5
0x01B7	0x129F      	BCF        ADCON0, 5
;CodeProjet.c,86 :: 		ADCON0.CHS2 = 0;
0x01B8	0x121F      	BCF        ADCON0, 4
;CodeProjet.c,87 :: 		ADCON0.CHS1 = 1;
0x01B9	0x159F      	BSF        ADCON0, 3
;CodeProjet.c,88 :: 		ADCON0.CHS0 = 1;
0x01BA	0x151F      	BSF        ADCON0, 2
;CodeProjet.c,89 :: 		ADCON1.ADFM = 1;
0x01BB	0x1683      	BSF        STATUS, 5
0x01BC	0x179F      	BSF        ADCON1, 7
;CodeProjet.c,91 :: 		ADCON0.ADON = 1;
0x01BD	0x1283      	BCF        STATUS, 5
0x01BE	0x141F      	BSF        ADCON0, 0
;CodeProjet.c,93 :: 		C1ON_bit = 0;                    // Disable all comparators
0x01BF	0x1703      	BSF        STATUS, 6
0x01C0	0x1387      	BCF        C1ON_bit, BitPos(C1ON_bit+0)
;CodeProjet.c,94 :: 		C2ON_bit = 0;
0x01C1	0x1388      	BCF        C2ON_bit, BitPos(C2ON_bit+0)
;CodeProjet.c,96 :: 		TMR0  = 60;                    // Valeur de TMRO pour obtenir un temps d'incrémentation de 0.025s
0x01C2	0x303C      	MOVLW      60
0x01C3	0x0081      	MOVWF      TMR0
;CodeProjet.c,98 :: 		Lcd_Init();
0x01C4	0x20E7      	CALL       _Lcd_Init
;CodeProjet.c,99 :: 		Lcd_Cmd(_LCD_CLEAR);
0x01C5	0x3001      	MOVLW      1
0x01C6	0x00D4      	MOVWF      FARG_Lcd_Cmd_out_char
0x01C7	0x2044      	CALL       _Lcd_Cmd
;CodeProjet.c,100 :: 		Lcd_Cmd(_LCD_CURSOR_OFF);
0x01C8	0x300C      	MOVLW      12
0x01C9	0x00D4      	MOVWF      FARG_Lcd_Cmd_out_char
0x01CA	0x2044      	CALL       _Lcd_Cmd
;CodeProjet.c,101 :: 		Lcd_Out(1,6,txt1);
0x01CB	0x3001      	MOVLW      1
0x01CC	0x00CF      	MOVWF      FARG_Lcd_Out_row
0x01CD	0x3006      	MOVLW      6
0x01CE	0x00D0      	MOVWF      FARG_Lcd_Out_column
0x01CF	0x302E      	MOVLW      _txt1
0x01D0	0x00D1      	MOVWF      FARG_Lcd_Out_text
0x01D1	0x20A7      	CALL       _Lcd_Out
;CodeProjet.c,103 :: 		do {
L_main0:
;CodeProjet.c,105 :: 		if (PORTC.RC0 == 1) {
0x01D2	0x1C07      	BTFSS      PORTC, 0
0x01D3	0x29E1      	GOTO       L_main3
;CodeProjet.c,106 :: 		Lcd_Cmd(_LCD_CLEAR);
0x01D4	0x3001      	MOVLW      1
0x01D5	0x00D4      	MOVWF      FARG_Lcd_Cmd_out_char
0x01D6	0x2044      	CALL       _Lcd_Cmd
;CodeProjet.c,107 :: 		Lcd_Cmd(_LCD_CURSOR_OFF);          // Cursor of
0x01D7	0x300C      	MOVLW      12
0x01D8	0x00D4      	MOVWF      FARG_Lcd_Cmd_out_char
0x01D9	0x2044      	CALL       _Lcd_Cmd
;CodeProjet.c,108 :: 		Lcd_Out(1,6,txt1);
0x01DA	0x3001      	MOVLW      1
0x01DB	0x00CF      	MOVWF      FARG_Lcd_Out_row
0x01DC	0x3006      	MOVLW      6
0x01DD	0x00D0      	MOVWF      FARG_Lcd_Out_column
0x01DE	0x302E      	MOVLW      _txt1
0x01DF	0x00D1      	MOVWF      FARG_Lcd_Out_text
0x01E0	0x20A7      	CALL       _Lcd_Out
;CodeProjet.c,109 :: 		}
L_main3:
;CodeProjet.c,111 :: 		if (PORTD.RD0 == 1){
0x01E1	0x1C08      	BTFSS      PORTD, 0
0x01E2	0x29F0      	GOTO       L_main4
;CodeProjet.c,112 :: 		Lcd_Cmd(_LCD_CLEAR);
0x01E3	0x3001      	MOVLW      1
0x01E4	0x00D4      	MOVWF      FARG_Lcd_Cmd_out_char
0x01E5	0x2044      	CALL       _Lcd_Cmd
;CodeProjet.c,113 :: 		Lcd_Cmd(_LCD_CURSOR_OFF);                 // Write text in first row
0x01E6	0x300C      	MOVLW      12
0x01E7	0x00D4      	MOVWF      FARG_Lcd_Cmd_out_char
0x01E8	0x2044      	CALL       _Lcd_Cmd
;CodeProjet.c,114 :: 		Lcd_Out(1,6,txt2);
0x01E9	0x3001      	MOVLW      1
0x01EA	0x00CF      	MOVWF      FARG_Lcd_Out_row
0x01EB	0x3006      	MOVLW      6
0x01EC	0x00D0      	MOVWF      FARG_Lcd_Out_column
0x01ED	0x3037      	MOVLW      _txt2
0x01EE	0x00D1      	MOVWF      FARG_Lcd_Out_text
0x01EF	0x20A7      	CALL       _Lcd_Out
;CodeProjet.c,115 :: 		}
L_main4:
;CodeProjet.c,117 :: 		if (PORTD.RD1 == 1) {
0x01F0	0x1C88      	BTFSS      PORTD, 1
0x01F1	0x29FF      	GOTO       L_main5
;CodeProjet.c,118 :: 		Lcd_Cmd(_LCD_CLEAR);
0x01F2	0x3001      	MOVLW      1
0x01F3	0x00D4      	MOVWF      FARG_Lcd_Cmd_out_char
0x01F4	0x2044      	CALL       _Lcd_Cmd
;CodeProjet.c,119 :: 		Lcd_Cmd(_LCD_CURSOR_OFF);               // Clear display
0x01F5	0x300C      	MOVLW      12
0x01F6	0x00D4      	MOVWF      FARG_Lcd_Cmd_out_char
0x01F7	0x2044      	CALL       _Lcd_Cmd
;CodeProjet.c,120 :: 		Lcd_Out(1,6,txt3);
0x01F8	0x3001      	MOVLW      1
0x01F9	0x00CF      	MOVWF      FARG_Lcd_Out_row
0x01FA	0x3006      	MOVLW      6
0x01FB	0x00D0      	MOVWF      FARG_Lcd_Out_column
0x01FC	0x3023      	MOVLW      _txt3
0x01FD	0x00D1      	MOVWF      FARG_Lcd_Out_text
0x01FE	0x20A7      	CALL       _Lcd_Out
;CodeProjet.c,121 :: 		}
L_main5:
;CodeProjet.c,123 :: 		res = ReadADC();
0x01FF	0x2093      	CALL       _ReadADC
0x0200	0x0870      	MOVF       R0, 0
0x0201	0x1283      	BCF        STATUS, 5
0x0202	0x00CD      	MOVWF      main_res_L0
0x0203	0x0871      	MOVF       R0+1, 0
0x0204	0x00CE      	MOVWF      main_res_L0+1
;CodeProjet.c,125 :: 		if (res < 210) {                                        // définition des valeurs potentiomètre
0x0205	0x3000      	MOVLW      0
0x0206	0x0271      	SUBWF      R0+1, 0
0x0207	0x1D03      	BTFSS      STATUS, 2
0x0208	0x2A0B      	GOTO       L__main37
0x0209	0x30D2      	MOVLW      210
0x020A	0x0270      	SUBWF      R0, 0
L__main37:
0x020B	0x1803      	BTFSC      STATUS, 0
0x020C	0x2A12      	GOTO       L_main6
;CodeProjet.c,126 :: 		clk = 40;
0x020D	0x3028      	MOVLW      40
0x020E	0x00C4      	MOVWF      _clk
0x020F	0x3000      	MOVLW      0
0x0210	0x00C5      	MOVWF      _clk+1
;CodeProjet.c,127 :: 		}
0x0211	0x2A23      	GOTO       L_main7
L_main6:
;CodeProjet.c,129 :: 		else if ( res < 619){
0x0212	0x3002      	MOVLW      2
0x0213	0x024E      	SUBWF      main_res_L0+1, 0
0x0214	0x1D03      	BTFSS      STATUS, 2
0x0215	0x2A18      	GOTO       L__main38
0x0216	0x306B      	MOVLW      107
0x0217	0x024D      	SUBWF      main_res_L0, 0
L__main38:
0x0218	0x1803      	BTFSC      STATUS, 0
0x0219	0x2A1F      	GOTO       L_main8
;CodeProjet.c,130 :: 		clk = 20;
0x021A	0x3014      	MOVLW      20
0x021B	0x00C4      	MOVWF      _clk
0x021C	0x3000      	MOVLW      0
0x021D	0x00C5      	MOVWF      _clk+1
;CodeProjet.c,131 :: 		}
0x021E	0x2A23      	GOTO       L_main9
L_main8:
;CodeProjet.c,134 :: 		clk = 10;
0x021F	0x300A      	MOVLW      10
0x0220	0x00C4      	MOVWF      _clk
0x0221	0x3000      	MOVLW      0
0x0222	0x00C5      	MOVWF      _clk+1
;CodeProjet.c,135 :: 		}
L_main9:
L_main7:
;CodeProjet.c,137 :: 		if (mode == 0 ){
0x0223	0x0822      	MOVF       _mode, 0
0x0224	0x3A00      	XORLW      0
0x0225	0x1D03      	BTFSS      STATUS, 2
0x0226	0x2A63      	GOTO       L_main10
;CodeProjet.c,140 :: 		if (sens == 0) {
0x0227	0x0843      	MOVF       _sens, 0
0x0228	0x3A00      	XORLW      0
0x0229	0x1D03      	BTFSS      STATUS, 2
0x022A	0x2A47      	GOTO       L_main11
;CodeProjet.c,141 :: 		if (cnt>= clk ) {
0x022B	0x0845      	MOVF       _clk+1, 0
0x022C	0x0249      	SUBWF      _cnt+1, 0
0x022D	0x1D03      	BTFSS      STATUS, 2
0x022E	0x2A31      	GOTO       L__main39
0x022F	0x0844      	MOVF       _clk, 0
0x0230	0x0248      	SUBWF      _cnt, 0
L__main39:
0x0231	0x1C03      	BTFSS      STATUS, 0
0x0232	0x2A46      	GOTO       L_main12
;CodeProjet.c,142 :: 		PORTD = PORTD << 1;
0x0233	0x0808      	MOVF       PORTD, 0
0x0234	0x00F0      	MOVWF      R0
0x0235	0x0DF0      	RLF        R0, 1
0x0236	0x1070      	BCF        R0, 0
0x0237	0x0870      	MOVF       R0, 0
0x0238	0x0088      	MOVWF      PORTD
;CodeProjet.c,143 :: 		cnt=0;
0x0239	0x01C8      	CLRF       _cnt
0x023A	0x01C9      	CLRF       _cnt+1
;CodeProjet.c,144 :: 		if (PORTD==0b01000000 || PORTD == 0){
0x023B	0x0808      	MOVF       PORTD, 0
0x023C	0x3A40      	XORLW      64
0x023D	0x1903      	BTFSC      STATUS, 2
0x023E	0x2A44      	GOTO       L__main34
0x023F	0x0808      	MOVF       PORTD, 0
0x0240	0x3A00      	XORLW      0
0x0241	0x1903      	BTFSC      STATUS, 2
0x0242	0x2A44      	GOTO       L__main34
0x0243	0x2A46      	GOTO       L_main15
L__main34:
;CodeProjet.c,145 :: 		PORTD = 0b00000100;
0x0244	0x3004      	MOVLW      4
0x0245	0x0088      	MOVWF      PORTD
;CodeProjet.c,146 :: 		}
L_main15:
;CodeProjet.c,147 :: 		}
L_main12:
;CodeProjet.c,148 :: 		}
0x0246	0x2A62      	GOTO       L_main16
L_main11:
;CodeProjet.c,151 :: 		if (cnt>= clk) {
0x0247	0x0845      	MOVF       _clk+1, 0
0x0248	0x0249      	SUBWF      _cnt+1, 0
0x0249	0x1D03      	BTFSS      STATUS, 2
0x024A	0x2A4D      	GOTO       L__main40
0x024B	0x0844      	MOVF       _clk, 0
0x024C	0x0248      	SUBWF      _cnt, 0
L__main40:
0x024D	0x1C03      	BTFSS      STATUS, 0
0x024E	0x2A62      	GOTO       L_main17
;CodeProjet.c,152 :: 		PORTD = PORTD >> 1;
0x024F	0x0808      	MOVF       PORTD, 0
0x0250	0x00F0      	MOVWF      R0
0x0251	0x0CF0      	RRF        R0, 1
0x0252	0x13F0      	BCF        R0, 7
0x0253	0x0870      	MOVF       R0, 0
0x0254	0x0088      	MOVWF      PORTD
;CodeProjet.c,153 :: 		cnt=0;
0x0255	0x01C8      	CLRF       _cnt
0x0256	0x01C9      	CLRF       _cnt+1
;CodeProjet.c,154 :: 		if (PORTD == 0b00000010 || PORTD == 0){
0x0257	0x0808      	MOVF       PORTD, 0
0x0258	0x3A02      	XORLW      2
0x0259	0x1903      	BTFSC      STATUS, 2
0x025A	0x2A60      	GOTO       L__main33
0x025B	0x0808      	MOVF       PORTD, 0
0x025C	0x3A00      	XORLW      0
0x025D	0x1903      	BTFSC      STATUS, 2
0x025E	0x2A60      	GOTO       L__main33
0x025F	0x2A62      	GOTO       L_main20
L__main33:
;CodeProjet.c,155 :: 		PORTD = 0b00100000;
0x0260	0x3020      	MOVLW      32
0x0261	0x0088      	MOVWF      PORTD
;CodeProjet.c,156 :: 		}
L_main20:
;CodeProjet.c,157 :: 		}
L_main17:
;CodeProjet.c,158 :: 		}
L_main16:
;CodeProjet.c,159 :: 		}
0x0262	0x2AD8      	GOTO       L_main21
L_main10:
;CodeProjet.c,162 :: 		if (sens == 0) {
0x0263	0x0843      	MOVF       _sens, 0
0x0264	0x3A00      	XORLW      0
0x0265	0x1D03      	BTFSS      STATUS, 2
0x0266	0x2AA0      	GOTO       L_main22
;CodeProjet.c,163 :: 		ret= retour();
0x0267	0x2135      	CALL       _retour
0x0268	0x0870      	MOVF       R0, 0
0x0269	0x00C1      	MOVWF      _ret
0x026A	0x0871      	MOVF       R0+1, 0
0x026B	0x00C2      	MOVWF      _ret+1
;CodeProjet.c,165 :: 		PORTA.RA2 = display_lamps;          // RA1, RA2, RA3, RB2, RB3, RC1, RC3 and RD0
0x026C	0x1840      	BTFSC      _display_lamps, 0
0x026D	0x2A70      	GOTO       L__main41
0x026E	0x1105      	BCF        PORTA, 2
0x026F	0x2A71      	GOTO       L__main42
L__main41:
0x0270	0x1505      	BSF        PORTA, 2
L__main42:
;CodeProjet.c,166 :: 		PORTE.RE1 = display_lamps;          // are set ON if display_lamps = 1
0x0271	0x1840      	BTFSC      _display_lamps, 0
0x0272	0x2A75      	GOTO       L__main43
0x0273	0x1089      	BCF        PORTE, 1
0x0274	0x2A76      	GOTO       L__main44
L__main43:
0x0275	0x1489      	BSF        PORTE, 1
L__main44:
;CodeProjet.c,167 :: 		PORTC.RC2 = display_lamps;          // are set OFF if display_lamps = 0
0x0276	0x1840      	BTFSC      _display_lamps, 0
0x0277	0x2A7A      	GOTO       L__main45
0x0278	0x1107      	BCF        PORTC, 2
0x0279	0x2A7B      	GOTO       L__main46
L__main45:
0x027A	0x1507      	BSF        PORTC, 2
L__main46:
;CodeProjet.c,168 :: 		PORTC.RC4 = display_lamps;
0x027B	0x1840      	BTFSC      _display_lamps, 0
0x027C	0x2A7F      	GOTO       L__main47
0x027D	0x1207      	BCF        PORTC, 4
0x027E	0x2A80      	GOTO       L__main48
L__main47:
0x027F	0x1607      	BSF        PORTC, 4
L__main48:
;CodeProjet.c,169 :: 		PORTC.RC5 = display_lamps;
0x0280	0x1840      	BTFSC      _display_lamps, 0
0x0281	0x2A84      	GOTO       L__main49
0x0282	0x1287      	BCF        PORTC, 5
0x0283	0x2A85      	GOTO       L__main50
L__main49:
0x0284	0x1687      	BSF        PORTC, 5
L__main50:
;CodeProjet.c,170 :: 		PORTD.RD3 = display_lamps;
0x0285	0x1840      	BTFSC      _display_lamps, 0
0x0286	0x2A89      	GOTO       L__main51
0x0287	0x1188      	BCF        PORTD, 3
0x0288	0x2A8A      	GOTO       L__main52
L__main51:
0x0289	0x1588      	BSF        PORTD, 3
L__main52:
;CodeProjet.c,171 :: 		PORTD.RD4 = display_lamps;
0x028A	0x1840      	BTFSC      _display_lamps, 0
0x028B	0x2A8E      	GOTO       L__main53
0x028C	0x1208      	BCF        PORTD, 4
0x028D	0x2A8F      	GOTO       L__main54
L__main53:
0x028E	0x1608      	BSF        PORTD, 4
L__main54:
;CodeProjet.c,172 :: 		PORTD.RD5 = display_lamps;
0x028F	0x1840      	BTFSC      _display_lamps, 0
0x0290	0x2A93      	GOTO       L__main55
0x0291	0x1288      	BCF        PORTD, 5
0x0292	0x2A94      	GOTO       L__main56
L__main55:
0x0293	0x1688      	BSF        PORTD, 5
L__main56:
;CodeProjet.c,175 :: 		if (cnt >= clk) {                                 // utilisation du timer
0x0294	0x0845      	MOVF       _clk+1, 0
0x0295	0x0249      	SUBWF      _cnt+1, 0
0x0296	0x1D03      	BTFSS      STATUS, 2
0x0297	0x2A9A      	GOTO       L__main57
0x0298	0x0844      	MOVF       _clk, 0
0x0299	0x0248      	SUBWF      _cnt, 0
L__main57:
0x029A	0x1C03      	BTFSS      STATUS, 0
0x029B	0x2A9F      	GOTO       L_main23
;CodeProjet.c,177 :: 		display_lamps = ~ display_lamps;
0x029C	0x09C0      	COMF       _display_lamps, 1
;CodeProjet.c,179 :: 		cnt =0;
0x029D	0x01C8      	CLRF       _cnt
0x029E	0x01C9      	CLRF       _cnt+1
;CodeProjet.c,180 :: 		}
L_main23:
;CodeProjet.c,181 :: 		}
0x029F	0x2AD8      	GOTO       L_main24
L_main22:
;CodeProjet.c,184 :: 		ret = retour();
0x02A0	0x2135      	CALL       _retour
0x02A1	0x0870      	MOVF       R0, 0
0x02A2	0x00C1      	MOVWF      _ret
0x02A3	0x0871      	MOVF       R0+1, 0
0x02A4	0x00C2      	MOVWF      _ret+1
;CodeProjet.c,185 :: 		PORTA.RA5 = display_lamps;          // RA1, RA2, RA3, RB2, RB3, RC1, RC3 and RD0
0x02A5	0x1840      	BTFSC      _display_lamps, 0
0x02A6	0x2AA9      	GOTO       L__main58
0x02A7	0x1285      	BCF        PORTA, 5
0x02A8	0x2AAA      	GOTO       L__main59
L__main58:
0x02A9	0x1685      	BSF        PORTA, 5
L__main59:
;CodeProjet.c,186 :: 		PORTE.RE0 = display_lamps;          // are set ON if display_lamps = 1
0x02AA	0x1840      	BTFSC      _display_lamps, 0
0x02AB	0x2AAE      	GOTO       L__main60
0x02AC	0x1009      	BCF        PORTE, 0
0x02AD	0x2AAF      	GOTO       L__main61
L__main60:
0x02AE	0x1409      	BSF        PORTE, 0
L__main61:
;CodeProjet.c,187 :: 		PORTE.RE2 = display_lamps;          // are set OFF if display_lamps = 0
0x02AF	0x1840      	BTFSC      _display_lamps, 0
0x02B0	0x2AB3      	GOTO       L__main62
0x02B1	0x1109      	BCF        PORTE, 2
0x02B2	0x2AB4      	GOTO       L__main63
L__main62:
0x02B3	0x1509      	BSF        PORTE, 2
L__main63:
;CodeProjet.c,188 :: 		PORTC.RC2 = display_lamps;
0x02B4	0x1840      	BTFSC      _display_lamps, 0
0x02B5	0x2AB8      	GOTO       L__main64
0x02B6	0x1107      	BCF        PORTC, 2
0x02B7	0x2AB9      	GOTO       L__main65
L__main64:
0x02B8	0x1507      	BSF        PORTC, 2
L__main65:
;CodeProjet.c,189 :: 		PORTC.RC3 = display_lamps;
0x02B9	0x1840      	BTFSC      _display_lamps, 0
0x02BA	0x2ABD      	GOTO       L__main66
0x02BB	0x1187      	BCF        PORTC, 3
0x02BC	0x2ABE      	GOTO       L__main67
L__main66:
0x02BD	0x1587      	BSF        PORTC, 3
L__main67:
;CodeProjet.c,190 :: 		PORTD.RD2 = display_lamps;
0x02BE	0x1840      	BTFSC      _display_lamps, 0
0x02BF	0x2AC2      	GOTO       L__main68
0x02C0	0x1108      	BCF        PORTD, 2
0x02C1	0x2AC3      	GOTO       L__main69
L__main68:
0x02C2	0x1508      	BSF        PORTD, 2
L__main69:
;CodeProjet.c,191 :: 		PORTD.RD3 = display_lamps;
0x02C3	0x1840      	BTFSC      _display_lamps, 0
0x02C4	0x2AC7      	GOTO       L__main70
0x02C5	0x1188      	BCF        PORTD, 3
0x02C6	0x2AC8      	GOTO       L__main71
L__main70:
0x02C7	0x1588      	BSF        PORTD, 3
L__main71:
;CodeProjet.c,192 :: 		PORTD.RD4 = display_lamps;
0x02C8	0x1840      	BTFSC      _display_lamps, 0
0x02C9	0x2ACC      	GOTO       L__main72
0x02CA	0x1208      	BCF        PORTD, 4
0x02CB	0x2ACD      	GOTO       L__main73
L__main72:
0x02CC	0x1608      	BSF        PORTD, 4
L__main73:
;CodeProjet.c,194 :: 		if (cnt >= clk ) {
0x02CD	0x0845      	MOVF       _clk+1, 0
0x02CE	0x0249      	SUBWF      _cnt+1, 0
0x02CF	0x1D03      	BTFSS      STATUS, 2
0x02D0	0x2AD3      	GOTO       L__main74
0x02D1	0x0844      	MOVF       _clk, 0
0x02D2	0x0248      	SUBWF      _cnt, 0
L__main74:
0x02D3	0x1C03      	BTFSS      STATUS, 0
0x02D4	0x2AD8      	GOTO       L_main25
;CodeProjet.c,196 :: 		display_lamps = ~display_lamps;
0x02D5	0x09C0      	COMF       _display_lamps, 1
;CodeProjet.c,198 :: 		cnt =0;
0x02D6	0x01C8      	CLRF       _cnt
0x02D7	0x01C9      	CLRF       _cnt+1
;CodeProjet.c,199 :: 		}
L_main25:
;CodeProjet.c,201 :: 		}
L_main24:
;CodeProjet.c,203 :: 		}
L_main21:
;CodeProjet.c,204 :: 		} while (1);
0x02D8	0x29D2      	GOTO       L_main0
;CodeProjet.c,205 :: 		}
L_end_main:
0x02D9	0x2AD9      	GOTO       $+0
; end of _main
Symbol List:
//** Routines locations **
//ADDRESS    SIZE    PROCEDURE
//----------------------------------------------
0x0004      [41]    _interrupt
0x002D       [7]    _Delay_50us
0x0034       [3]    _Delay_1us
0x0037      [13]    _Delay_5500us
0x0044      [64]    _Lcd_Cmd
0x0084       [8]    _Lcd_Chr_CP
0x008C       [7]    _____DoICP
0x0093      [20]    _ReadADC
0x00A7      [64]    _Lcd_Out
0x00E7      [78]    _Lcd_Init
0x0135       [8]    _retour
0x013D      [12]    ___CC2DW
0x0149     [401]    _main
//** Variables locations ** 
//ADDRESS    SIZE    VARIABLE
//----------------------------------------------
0x0000       [1]    INDF
0x0001       [1]    TMR0
0x0002       [1]    PCL
0x0003       [1]    STATUS
0x0004       [1]    FSR
0x0005       [1]    PORTA
0x0006       [1]    PORTB
0x0006       [0]    RB0_bit
0x0006       [0]    RB1_bit
0x0006       [0]    RB2_bit
0x0006       [0]    LCD_D5
0x0006       [0]    LCD_RS
0x0006       [0]    LCD_EN
0x0006       [0]    LCD_D4
0x0006       [0]    LCD_D7
0x0006       [0]    LCD_D6
0x0006       [0]    RB3_bit
0x0006       [0]    RB4_bit
0x0006       [0]    RB5_bit
0x0007       [1]    PORTC
0x0008       [1]    PORTD
0x0009       [1]    PORTE
0x000A       [1]    PCLATH
0x000B       [1]    INTCON
0x000B       [0]    TMR0IF_bit
0x001E       [1]    ADRESH
0x001F       [1]    ADCON0
0x0022       [1]    _mode
0x0023      [11]    _txt3
0x002E       [9]    _txt1
0x0037       [9]    _txt2
0x0040       [1]    _display_lamps
0x0041       [2]    _ret
0x0043       [1]    _sens
0x0044       [2]    _clk
0x0046       [2]    ___DoICPAddr
0x0048       [2]    _cnt
0x004A       [1]    ___saveSTATUS
0x004B       [1]    ___savePCLATH
0x004C       [0]    __Lib_Lcd_cmd_status
0x004D       [2]    main_res_L0
0x004F       [1]    FARG_Lcd_Out_row
0x0050       [1]    FARG_Lcd_Out_column
0x0051       [1]    FARG_Lcd_Out_text
0x0052       [1]    Lcd_Out_i_L0
0x0053       [1]    FARG_Lcd_Chr_CP_out_char
0x0054       [1]    FARG_Lcd_Cmd_out_char
0x0070       [1]    R0
0x0071       [1]    R1
0x0072       [1]    R2
0x0073       [1]    R3
0x0074       [1]    R4
0x0075       [1]    R5
0x0076       [1]    R6
0x0077       [1]    R7
0x0078       [1]    R8
0x0079       [1]    R9
0x007A       [1]    R10
0x007B       [1]    R11
0x007C       [1]    R12
0x007D       [1]    R13
0x007E       [1]    R14
0x007F       [1]    R15
0x0081       [1]    OPTION_REG
0x0085       [1]    TRISA
0x0086       [0]    TRISB4_bit
0x0086       [0]    TRISB5_bit
0x0086       [0]    TRISB2_bit
0x0086       [0]    TRISB3_bit
0x0086       [1]    TRISB
0x0086       [0]    LCD_EN_Direction
0x0086       [0]    LCD_RS_Direction
0x0086       [0]    TRISB0_bit
0x0086       [0]    LCD_D4_Direction
0x0086       [0]    LCD_D5_Direction
0x0086       [0]    LCD_D6_Direction
0x0086       [0]    LCD_D7_Direction
0x0086       [0]    TRISB1_bit
0x0087       [1]    TRISC
0x0088       [1]    TRISD
0x0089       [1]    TRISE
0x0096       [1]    IOCB
0x009E       [1]    ADRESL
0x009F       [1]    ADCON1
0x0107       [0]    C1ON_bit
0x0108       [0]    C2ON_bit
0x0188       [1]    ANSEL
0x0189       [1]    ANSELH
